--------------------------------------------------------------------------------
Tue Jun  7 05:08:39 2016
Connexion d'un nouvel utilisateur : 
a
--------------------------------------------------------------------------------
Tue Jun  7 05:08:42 2016
Connexion d'un nouvel utilisateur : 
b
--------------------------------------------------------------------------------
Tue Jun  7 05:08:54 2016

--------------------------------------------------------------------------------
Tue Jun  7 05:16:27 2016
Connexion d'un nouvel utilisateur : 
a
--------------------------------------------------------------------------------
Tue Jun  7 05:16:30 2016
Connexion d'un nouvel utilisateur : 
b
--------------------------------------------------------------------------------
Tue Jun  7 05:16:42 2016

--------------------------------------------------------------------------------
<<<<<<< HEAD
Tue Jun  7 05:22:19 2016
=======
Tue Jun  7 01:50:12 2016
L'utilisateur Leo a demandé un mot de passe aléatoire
--------------------------------------------------------------------------------
Tue Jun  7 01:50:24 2016
L'utilisateur Leo s'est déconnecté
--------------------------------------------------------------------------------
Tue Jun  7 01:50:28 2016
L'utilisateur Leo s'est déconnecté
--------------------------------------------------------------------------------
<<<<<<< HEAD
Tue Jun  7 01:53:28 2016
Connexion d'un nouvel utilisateur : 
LEo
--------------------------------------------------------------------------------
Tue Jun  7 01:53:30 2016
Connexion d'un nouvel utilisateur : 
Oel
--------------------------------------------------------------------------------
Tue Jun  7 01:53:35 2016

--------------------------------------------------------------------------------
Tue Jun  7 01:53:38 2016
L'utilisateur Oel a demandé un mot de passe aléatoire
--------------------------------------------------------------------------------
Tue Jun  7 01:53:40 2016

--------------------------------------------------------------------------------
Tue Jun  7 02:43:22 2016
L'utilisateur Oel s'est déconnecté
--------------------------------------------------------------------------------
Tue Jun  7 02:43:25 2016
L'utilisateur LEo s'est déconnecté
--------------------------------------------------------------------------------
Tue Jun  7 02:46:04 2016
Connexion d'un nouvel utilisateur : 
leo
--------------------------------------------------------------------------------
Tue Jun  7 02:46:15 2016
Connexion d'un nouvel utilisateur : 
Oel
--------------------------------------------------------------------------------
Tue Jun  7 02:46:22 2016

--------------------------------------------------------------------------------
Tue Jun  7 02:48:20 2016
L'utilisateur leo s'est déconnecté
--------------------------------------------------------------------------------
Tue Jun  7 02:48:24 2016
L'utilisateur Oel s'est déconnecté
--------------------------------------------------------------------------------
Tue Jun  7 02:48:36 2016
Connexion d'un nouvel utilisateur : 
Meo
--------------------------------------------------------------------------------
Tue Jun  7 02:48:39 2016
L'utilisateur Meo a demandé l'affichage de la liste des users
--------------------------------------------------------------------------------
Tue Jun  7 02:48:41 2016
L'utilisateur Meo a demandé l'affichage de la liste des users
--------------------------------------------------------------------------------
Tue Jun  7 02:49:40 2016
Connexion d'un nouvel utilisateur : 
Leo
--------------------------------------------------------------------------------
Tue Jun  7 02:49:44 2016
Connexion d'un nouvel utilisateur : 
*tes
--------------------------------------------------------------------------------
Tue Jun  7 02:49:50 2016

--------------------------------------------------------------------------------
Tue Jun  7 02:49:54 2016
L'utilisateur Leo a demandé un mot de passe aléatoire
--------------------------------------------------------------------------------
Tue Jun  7 02:52:01 2016
L'utilisateur Leo s'est déconnecté
--------------------------------------------------------------------------------
Tue Jun  7 02:52:04 2016
L'utilisateur *tes s'est déconnecté
=======
Tue Jun  7 04:20:48 2016
Connexion d'un nouvel utilisateur : 
a1
--------------------------------------------------------------------------------
Tue Jun  7 04:21:02 2016
Connexion d'un nouvel utilisateur : 
a2
--------------------------------------------------------------------------------
Tue Jun  7 04:21:13 2016

--------------------------------------------------------------------------------
Tue Jun  7 04:21:18 2016
L'utilisateur a1 a demandé un mot de passe aléatoire
--------------------------------------------------------------------------------
Tue Jun  7 04:21:31 2016

--------------------------------------------------------------------------------
Tue Jun  7 04:21:32 2016

--------------------------------------------------------------------------------
Tue Jun  7 04:21:33 2016

--------------------------------------------------------------------------------
Tue Jun  7 04:21:38 2016

--------------------------------------------------------------------------------
Tue Jun  7 04:21:40 2016

--------------------------------------------------------------------------------
Tue Jun  7 04:32:42 2016
>>>>>>> b413da78fa1a06662c649be116a351d2605ad4f9
Connexion d'un nouvel utilisateur : 
a
--------------------------------------------------------------------------------
Tue Jun  7 05:22:21 2016
Connexion d'un nouvel utilisateur : 
b
--------------------------------------------------------------------------------
<<<<<<< HEAD
Tue Jun  7 05:22:50 2016

=======
Tue Jun  7 04:43:21 2016
Connexion d'un nouvel utilisateur : 
u
--------------------------------------------------------------------------------
Tue Jun  7 04:43:24 2016
L'utilisateur u a demandé un mot de passe aléatoire
--------------------------------------------------------------------------------
Tue Jun  7 04:43:30 2016
5
--------------------------------------------------------------------------------
Tue Jun  7 04:47:55 2016
L'utilisateur u a demandé un mot de passe aléatoire
--------------------------------------------------------------------------------
Tue Jun  7 04:48:01 2016
5
>>>>>>> 80331fd044733bc187868f7a9b156893aa410506
--------------------------------------------------------------------------------
Tue Jun  7 02:57:49 2016
Connexion d'un nouvel utilisateur : 
Leo
--------------------------------------------------------------------------------
Tue Jun  7 02:58:17 2016
L'utilisateur Leo a demandé l'affichage de la liste des users
--------------------------------------------------------------------------------
Tue Jun  7 03:01:49 2016
L'utilisateur Leo s'est déconnecté
--------------------------------------------------------------------------------
Tue Jun  7 03:02:02 2016
Connexion d'un nouvel utilisateur : 
Leo
--------------------------------------------------------------------------------
Tue Jun  7 03:02:04 2016
L'utilisateur Leo a demandé l'affichage de la liste des users
--------------------------------------------------------------------------------
Tue Jun  7 03:02:25 2016
Connexion d'un nouvel utilisateur : 
Test
--------------------------------------------------------------------------------
Tue Jun  7 03:02:26 2016
L'utilisateur Test a demandé l'affichage de la liste des users
>>>>>>> b413da78fa1a06662c649be116a351d2605ad4f9
--------------------------------------------------------------------------------
Tue Jun  7 03:32:59 2016
Connexion d'un nouvel utilisateur : 
Leo
--------------------------------------------------------------------------------
Tue Jun  7 03:33:08 2016
L'utilisateur Leo a demandé l'affichage de la liste des users
--------------------------------------------------------------------------------
Tue Jun  7 03:33:24 2016
Connexion d'un nouvel utilisateur : 
Test
--------------------------------------------------------------------------------
Tue Jun  7 03:33:31 2016

--------------------------------------------------------------------------------
Tue Jun  7 03:34:17 2016
L'utilisateur Leo a demandé un mot de passe aléatoire
--------------------------------------------------------------------------------
Tue Jun  7 03:34:32 2016

--------------------------------------------------------------------------------
Tue Jun  7 03:34:42 2016
L'utilisateur Test s'est déconnecté
--------------------------------------------------------------------------------
Tue Jun  7 03:34:44 2016
[A
--------------------------------------------------------------------------------
Tue Jun  7 03:34:48 2016
L'utilisateur Leo s'est déconnecté
